build/app/intermediates/manifest_merge_blame_file/release/manifest-merger-blame-release-report.txt
1<?xml version="1.0" encoding="utf-8"?>
2<manifest xmlns:android="http://schemas.android.com/apk/res/android"
3    package="com.fast.express"
4    android:versionCode="1"
5    android:versionName="1.0" >
6
7    <uses-sdk
8        android:minSdkVersion="23"
8-->src\main\AndroidManifest.xml
9        android:targetSdkVersion="30" />
9-->src\main\AndroidManifest.xml
10
11    <uses-permission android:name="android.permission.ACCESS_FINE_LOCATION" />
11-->src\main\AndroidManifest.xml:4:1-75
11-->src\main\AndroidManifest.xml:4:18-72
12    <uses-permission android:name="android.permission.CAMERA" />
12-->src\main\AndroidManifest.xml:5:5-64
12-->src\main\AndroidManifest.xml:5:22-62
13    <uses-permission android:name="android.permission.INTERNET" />
13-->src\main\AndroidManifest.xml:6:5-66
13-->src\main\AndroidManifest.xml:6:22-64
14    <uses-permission android:name="android.permission.RECEIVE_BOOT_COMPLETED" />
14-->src\main\AndroidManifest.xml:7:5-80
14-->src\main\AndroidManifest.xml:7:22-78
15    <uses-permission android:name="android.permission.VIBRATE" />
15-->src\main\AndroidManifest.xml:8:5-66
15-->src\main\AndroidManifest.xml:8:22-63
16    <uses-permission android:name="android.permission.WAKE_LOCK" />
16-->src\main\AndroidManifest.xml:9:5-68
16-->src\main\AndroidManifest.xml:9:22-65
17    <uses-permission android:name="android.permission.USE_FULL_SCREEN_INTENT" />
17-->[:flutter_local_notifications] AndroidManifest.xml:9:5-81
17-->[:flutter_local_notifications] AndroidManifest.xml:9:22-78
18    <uses-permission android:name="android.permission.ACCESS_COARSE_LOCATION" /> <!-- See https://developer.android.com/training/package-visibility/declaring for more details. -->
18-->[:location] AndroidManifest.xml:7:5-81
18-->[:location] AndroidManifest.xml:7:22-78
19    <queries>
19-->[com.stripe:payments-core:16.10.0] AndroidManifest.xml:10:5-14:15
20
21        <!-- Added to check if Chrome is installed for browser-based payment authentication (e.g. 3DS1). -->
22        <package android:name="com.android.chrome" />
22-->[com.stripe:payments-core:16.10.0] AndroidManifest.xml:13:9-54
22-->[com.stripe:payments-core:16.10.0] AndroidManifest.xml:13:18-51
23
24        <intent>
24-->[com.braintreepayments:browser-switch:1.1.3] AndroidManifest.xml:12:9-18:18
25            <action android:name="android.intent.action.VIEW" />
25-->src\main\AndroidManifest.xml:54:17-69
25-->src\main\AndroidManifest.xml:54:25-66
26
27            <category android:name="android.intent.category.BROWSABLE" />
27-->src\main\AndroidManifest.xml:56:17-78
27-->src\main\AndroidManifest.xml:56:27-75
28
29            <data android:scheme="https" />
29-->src\main\AndroidManifest.xml:57:17-69
29-->src\main\AndroidManifest.xml:57:23-66
30        </intent>
31    </queries>
32
33    <uses-permission android:name="android.permission.ACCESS_NETWORK_STATE" />
33-->[com.google.android.gms:play-services-measurement-api:19.0.0] AndroidManifest.xml:23:5-79
33-->[com.google.android.gms:play-services-measurement-api:19.0.0] AndroidManifest.xml:23:22-76
34    <uses-permission android:name="com.google.android.finsky.permission.BIND_GET_INSTALL_REFERRER_SERVICE" />
34-->[com.google.android.gms:play-services-measurement:19.0.0] AndroidManifest.xml:26:5-110
34-->[com.google.android.gms:play-services-measurement:19.0.0] AndroidManifest.xml:26:22-107
35
36    <uses-feature
36-->[com.google.android.gms:play-services-maps:17.0.0] AndroidManifest.xml:26:5-28:35
37        android:glEsVersion="0x00020000"
37-->[com.google.android.gms:play-services-maps:17.0.0] AndroidManifest.xml:27:9-41
38        android:required="true" />
38-->[com.google.android.gms:play-services-maps:17.0.0] AndroidManifest.xml:28:9-32
39    <!--
40 io.flutter.app.FlutterApplication is an android.app.Application that
41         calls FlutterMain.startInitialization(this); in its onCreate method.
42         In most cases you can leave this as-is, but you if you want to provide
43         additional functionality it is fine to subclass or reimplement
44         FlutterApplication and put your custom class here.
45    -->
46    <!-- AIzaSyB93ViVy-fww-leOBtroda9hOmhYOp9qT0 -->
47    <application
47-->src\main\AndroidManifest.xml:18:5-93:19
48        android:appComponentFactory="androidx.core.app.CoreComponentFactory"
48-->[androidx.core:core:1.5.0] AndroidManifest.xml:24:18-86
49        android:extractNativeLibs="false"
50        android:icon="@mipmap/ic_launcher"
50-->src\main\AndroidManifest.xml:22:9-43
51        android:label="Fast Express"
51-->src\main\AndroidManifest.xml:20:9-37
52        android:supportsRtl="true"
52-->[com.braintreepayments.api:drop-in:5.2.1] AndroidManifest.xml:16:9-35
53        android:theme="@style/Theme.AppCompat.Light.NoActionBar"
53-->[:stripe_payment] AndroidManifest.xml:11:18-74
54        android:usesCleartextTraffic="true" >
54-->src\main\AndroidManifest.xml:19:9-44
55        <meta-data
55-->src\main\AndroidManifest.xml:23:9-24:52
56            android:name="com.google.android.geo.API_KEY"
56-->src\main\AndroidManifest.xml:23:20-65
57            android:value="AIzaSyCy2oUv3a_d80nSxxxxx" />
57-->src\main\AndroidManifest.xml:24:9-50
58        <meta-data
58-->src\main\AndroidManifest.xml:25:9-27:57
59            android:name="com.google.firebase.messaging.default_notification_icon"
59-->src\main\AndroidManifest.xml:26:9-79
60            android:resource="@drawable/ic_stat_fastfood" />
60-->src\main\AndroidManifest.xml:27:9-54
61        <meta-data
61-->src\main\AndroidManifest.xml:28:9-29:51
62            android:name="com.google.firebase.messaging.default_notification_color"
62-->src\main\AndroidManifest.xml:28:20-91
63            android:resource="@android:color/black" />
63-->src\main\AndroidManifest.xml:29:9-48
64
65        <activity
65-->src\main\AndroidManifest.xml:31:9-49:20
66            android:name="com.fast.express.MainActivity"
66-->src\main\AndroidManifest.xml:32:13-41
67            android:configChanges="orientation|keyboardHidden|keyboard|screenSize|locale|layoutDirection|fontScale|screenLayout|density|uiMode"
67-->src\main\AndroidManifest.xml:35:13-144
68            android:hardwareAccelerated="true"
68-->src\main\AndroidManifest.xml:36:13-47
69            android:launchMode="singleTop"
69-->src\main\AndroidManifest.xml:33:13-43
70            android:theme="@style/LaunchTheme"
70-->src\main\AndroidManifest.xml:34:13-47
71            android:windowSoftInputMode="adjustResize" >
71-->src\main\AndroidManifest.xml:37:13-55
72
73            <!--
74                 This keeps the window background of the activity showing
75                 until Flutter renders its first frame. It can be removed if
76                 there is no splash screen (such as the default splash screen
77                 defined in @style/LaunchTheme).
78            -->
79            <meta-data
79-->src\main\AndroidManifest.xml:42:13-44:40
80                android:name="io.flutter.app.android.SplashScreenUntilFirstFrame"
80-->src\main\AndroidManifest.xml:43:17-82
81                android:value="true" />
81-->src\main\AndroidManifest.xml:44:17-37
82
83            <intent-filter>
83-->src\main\AndroidManifest.xml:45:13-48:29
84                <action android:name="android.intent.action.MAIN" />
84-->src\main\AndroidManifest.xml:46:17-68
84-->src\main\AndroidManifest.xml:46:25-66
85
86                <category android:name="android.intent.category.LAUNCHER" />
86-->src\main\AndroidManifest.xml:47:17-76
86-->src\main\AndroidManifest.xml:47:27-74
87            </intent-filter>
88        </activity>
89        <!-- This is for the Paypal payment -->
90        <activity
90-->src\main\AndroidManifest.xml:51:10-59:20
91            android:name="com.braintreepayments.api.BraintreeBrowserSwitchActivity"
91-->src\main\AndroidManifest.xml:51:20-91
92            android:launchMode="singleTask" >
92-->src\main\AndroidManifest.xml:52:13-44
93            <intent-filter>
93-->src\main\AndroidManifest.xml:53:13-58:29
94                <action android:name="android.intent.action.VIEW" />
94-->src\main\AndroidManifest.xml:54:17-69
94-->src\main\AndroidManifest.xml:54:25-66
95
96                <category android:name="android.intent.category.DEFAULT" />
96-->src\main\AndroidManifest.xml:55:17-76
96-->src\main\AndroidManifest.xml:55:27-73
97                <category android:name="android.intent.category.BROWSABLE" />
97-->src\main\AndroidManifest.xml:56:17-78
97-->src\main\AndroidManifest.xml:56:27-75
98
99                <data android:scheme="com.fast.express.braintree" />
99-->src\main\AndroidManifest.xml:57:17-69
99-->src\main\AndroidManifest.xml:57:23-66
100            </intent-filter>
101        </activity>
102
103        <meta-data
103-->src\main\AndroidManifest.xml:61:9-99
104            android:name="com.google.android.gms.wallet.api.enabled"
104-->src\main\AndroidManifest.xml:61:20-76
105            android:value="true" />
105-->src\main\AndroidManifest.xml:61:77-97
106
107        <receiver android:name="com.dexterous.flutterlocalnotifications.ScheduledNotificationReceiver" />
107-->src\main\AndroidManifest.xml:62:10-107
107-->src\main\AndroidManifest.xml:62:20-104
108        <receiver android:name="com.dexterous.flutterlocalnotifications.ScheduledNotificationBootReceiver" >
108-->src\main\AndroidManifest.xml:63:9-68:20
108-->src\main\AndroidManifest.xml:63:19-107
109            <intent-filter>
109-->src\main\AndroidManifest.xml:64:13-67:29
110                <action android:name="android.intent.action.BOOT_COMPLETED" />
110-->src\main\AndroidManifest.xml:65:17-78
110-->src\main\AndroidManifest.xml:65:25-76
111                <action android:name="android.intent.action.MY_PACKAGE_REPLACED" />
111-->src\main\AndroidManifest.xml:66:17-83
111-->src\main\AndroidManifest.xml:66:25-81
112            </intent-filter>
113            <intent-filter>
113-->[:flutter_local_notifications] AndroidManifest.xml:14:13-19:29
114                <action android:name="android.intent.action.BOOT_COMPLETED" />
114-->src\main\AndroidManifest.xml:65:17-78
114-->src\main\AndroidManifest.xml:65:25-76
115                <action android:name="android.intent.action.MY_PACKAGE_REPLACED" />
115-->src\main\AndroidManifest.xml:66:17-83
115-->src\main\AndroidManifest.xml:66:25-81
116                <action android:name="android.intent.action.QUICKBOOT_POWERON" />
116-->[:flutter_local_notifications] AndroidManifest.xml:17:17-82
116-->[:flutter_local_notifications] AndroidManifest.xml:17:25-79
117                <action android:name="com.htc.intent.action.QUICKBOOT_POWERON" />
117-->[:flutter_local_notifications] AndroidManifest.xml:18:17-82
117-->[:flutter_local_notifications] AndroidManifest.xml:18:25-79
118            </intent-filter>
119        </receiver>
120        <!-- Facebook Login configuration -->
121        <meta-data
121-->src\main\AndroidManifest.xml:70:9-71:46
122            android:name="com.facebook.sdk.ApplicationId"
122-->src\main\AndroidManifest.xml:70:20-65
123            android:value="@string/facebook_app_id" />
123-->src\main\AndroidManifest.xml:71:5-44
124
125        <activity
125-->src\main\AndroidManifest.xml:73:1-76:40
126            android:name="com.facebook.FacebookActivity"
126-->src\main\AndroidManifest.xml:73:11-55
127            android:configChanges="keyboard|keyboardHidden|screenLayout|screenSize|orientation"
127-->src\main\AndroidManifest.xml:74:5-101
128            android:label="@string/app_name"
128-->src\main\AndroidManifest.xml:76:5-37
129            android:theme="@style/com_facebook_activity_theme" />
129-->[com.facebook.android:facebook-common:5.5.1] AndroidManifest.xml:32:13-63
130        <activity
130-->src\main\AndroidManifest.xml:78:1-87:12
131            android:name="com.facebook.CustomTabActivity"
131-->src\main\AndroidManifest.xml:79:5-50
132            android:exported="true" >
132-->src\main\AndroidManifest.xml:80:5-28
133            <intent-filter>
133-->src\main\AndroidManifest.xml:81:5-86:21
134                <action android:name="android.intent.action.VIEW" />
134-->src\main\AndroidManifest.xml:54:17-69
134-->src\main\AndroidManifest.xml:54:25-66
135
136                <category android:name="android.intent.category.DEFAULT" />
136-->src\main\AndroidManifest.xml:55:17-76
136-->src\main\AndroidManifest.xml:55:27-73
137                <category android:name="android.intent.category.BROWSABLE" />
137-->src\main\AndroidManifest.xml:56:17-78
137-->src\main\AndroidManifest.xml:56:27-75
138
139                <data android:scheme="@string/fb_login_protocol_scheme" />
139-->src\main\AndroidManifest.xml:57:17-69
139-->src\main\AndroidManifest.xml:57:23-66
140            </intent-filter>
141        </activity>
142        <!--
143     Don't delete the meta-data below.
144             This is used by the Flutter tool to generate GeneratedPluginRegistrant.java
145        -->
146        <meta-data
146-->src\main\AndroidManifest.xml:90:9-92:33
147            android:name="flutterEmbedding"
147-->src\main\AndroidManifest.xml:91:13-44
148            android:value="2" />
148-->src\main\AndroidManifest.xml:92:13-30
149
150        <service
150-->[:firebase_core] AndroidManifest.xml:8:9-12:19
151            android:name="com.google.firebase.components.ComponentDiscoveryService"
151-->[:firebase_core] AndroidManifest.xml:8:18-89
152            android:directBootAware="true"
152-->[com.google.firebase:firebase-common:20.0.0] AndroidManifest.xml:35:13-43
153            android:exported="false" >
153-->[com.google.android.gms:play-services-measurement-api:19.0.0] AndroidManifest.xml:29:13-37
154            <meta-data
154-->[:firebase_core] AndroidManifest.xml:9:13-11:85
155                android:name="com.google.firebase.components:io.flutter.plugins.firebase.core.FlutterFirebaseCoreRegistrar"
155-->[:firebase_core] AndroidManifest.xml:10:17-124
156                android:value="com.google.firebase.components.ComponentRegistrar" />
156-->[:firebase_core] AndroidManifest.xml:11:17-82
157            <meta-data
157-->[com.google.android.gms:play-services-measurement-api:19.0.0] AndroidManifest.xml:30:13-32:85
158                android:name="com.google.firebase.components:com.google.firebase.analytics.connector.internal.AnalyticsConnectorRegistrar"
158-->[com.google.android.gms:play-services-measurement-api:19.0.0] AndroidManifest.xml:31:17-139
159                android:value="com.google.firebase.components.ComponentRegistrar" />
159-->[com.google.android.gms:play-services-measurement-api:19.0.0] AndroidManifest.xml:32:17-82
160            <meta-data
160-->[com.google.firebase:firebase-installations:17.0.0] AndroidManifest.xml:18:13-20:85
161                android:name="com.google.firebase.components:com.google.firebase.installations.FirebaseInstallationsRegistrar"
161-->[com.google.firebase:firebase-installations:17.0.0] AndroidManifest.xml:19:17-127
162                android:value="com.google.firebase.components.ComponentRegistrar" />
162-->[com.google.firebase:firebase-installations:17.0.0] AndroidManifest.xml:20:17-82
163        </service>
164
165        <activity
165-->[:flutter_braintree] AndroidManifest.xml:8:9-11:20
166            android:name="com.example.flutter_braintree.FlutterBraintreeCustom"
166-->[:flutter_braintree] AndroidManifest.xml:9:13-80
167            android:theme="@style/bt_transparent_activity" >
167-->[:flutter_braintree] AndroidManifest.xml:10:13-59
168        </activity>
169        <activity
169-->[:stripe_payment] AndroidManifest.xml:16:9-20:75
170            android:name="com.gettipsi.stripe.OpenBrowserActivity"
170-->[:stripe_payment] AndroidManifest.xml:17:13-67
171            android:exported="false"
171-->[:stripe_payment] AndroidManifest.xml:18:13-37
172            android:launchMode="singleTask"
172-->[:stripe_payment] AndroidManifest.xml:19:13-44
173            android:theme="@android:style/Theme.Translucent.NoTitleBar" />
173-->[:stripe_payment] AndroidManifest.xml:20:13-72
174        <activity
174-->[:stripe_payment] AndroidManifest.xml:21:9-34:20
175            android:name="com.gettipsi.stripe.RedirectUriReceiver"
175-->[:stripe_payment] AndroidManifest.xml:22:13-67
176            android:exported="true"
176-->[:stripe_payment] AndroidManifest.xml:23:13-36
177            android:launchMode="singleTask"
177-->[:stripe_payment] AndroidManifest.xml:24:13-44
178            android:theme="@android:style/Theme.Translucent.NoTitleBar.Fullscreen" >
178-->[:stripe_payment] AndroidManifest.xml:25:13-83
179            <intent-filter>
179-->[:stripe_payment] AndroidManifest.xml:26:13-33:29
180                <action android:name="android.intent.action.VIEW" />
180-->src\main\AndroidManifest.xml:54:17-69
180-->src\main\AndroidManifest.xml:54:25-66
181
182                <category android:name="android.intent.category.DEFAULT" />
182-->src\main\AndroidManifest.xml:55:17-76
182-->src\main\AndroidManifest.xml:55:27-73
183                <category android:name="android.intent.category.BROWSABLE" />
183-->src\main\AndroidManifest.xml:56:17-78
183-->src\main\AndroidManifest.xml:56:27-75
184
185                <data android:scheme="example" />
185-->src\main\AndroidManifest.xml:57:17-69
185-->src\main\AndroidManifest.xml:57:23-66
186            </intent-filter>
187        </activity>
188
189        <provider
189-->[:image_picker] AndroidManifest.xml:8:9-16:20
190            android:name="io.flutter.plugins.imagepicker.ImagePickerFileProvider"
190-->[:image_picker] AndroidManifest.xml:9:13-82
191            android:authorities="com.fast.express.flutter.image_provider"
191-->[:image_picker] AndroidManifest.xml:10:13-74
192            android:exported="false"
192-->[:image_picker] AndroidManifest.xml:11:13-37
193            android:grantUriPermissions="true" >
193-->[:image_picker] AndroidManifest.xml:12:13-47
194            <meta-data
194-->[:image_picker] AndroidManifest.xml:13:13-15:75
195                android:name="android.support.FILE_PROVIDER_PATHS"
195-->[:image_picker] AndroidManifest.xml:14:17-67
196                android:resource="@xml/flutter_image_picker_file_paths" />
196-->[:image_picker] AndroidManifest.xml:15:17-72
197        </provider>
198
199        <activity
199-->[:url_launcher] AndroidManifest.xml:8:9-11:74
200            android:name="io.flutter.plugins.urllauncher.WebViewActivity"
200-->[:url_launcher] AndroidManifest.xml:9:13-74
201            android:exported="false"
201-->[:url_launcher] AndroidManifest.xml:10:13-37
202            android:theme="@android:style/Theme.NoTitleBar.Fullscreen" />
202-->[:url_launcher] AndroidManifest.xml:11:13-71
203        <activity
203-->[:razorpay_flutter] AndroidManifest.xml:8:9-11:20
204            android:name="com.razorpay.CheckoutActivity"
204-->[:razorpay_flutter] AndroidManifest.xml:9:13-57
205            android:configChanges="keyboard|keyboardHidden|orientation|screenSize"
205-->[com.razorpay:checkout:1.6.10] AndroidManifest.xml:20:13-83
206            android:label="Razorpay Checkout"
206-->[:razorpay_flutter] AndroidManifest.xml:10:13-46
207            android:theme="@style/CheckoutTheme" >
207-->[com.razorpay:checkout:1.6.10] AndroidManifest.xml:21:13-49
208            <intent-filter>
208-->[com.razorpay:checkout:1.6.10] AndroidManifest.xml:22:13-28:29
209                <action android:name="android.intent.action.MAIN" />
209-->src\main\AndroidManifest.xml:46:17-68
209-->src\main\AndroidManifest.xml:46:25-66
210
211                <data
211-->src\main\AndroidManifest.xml:57:17-69
212                    android:host="rzp.io"
213                    android:scheme="io.rzp" />
213-->src\main\AndroidManifest.xml:57:23-66
214            </intent-filter>
215        </activity>
216
217        <provider
217-->[:share] AndroidManifest.xml:8:9-16:20
218            android:name="io.flutter.plugins.share.ShareFileProvider"
218-->[:share] AndroidManifest.xml:9:13-70
219            android:authorities="com.fast.express.flutter.share_provider"
219-->[:share] AndroidManifest.xml:10:13-74
220            android:exported="false"
220-->[:share] AndroidManifest.xml:11:13-37
221            android:grantUriPermissions="true" >
221-->[:share] AndroidManifest.xml:12:13-47
222            <meta-data
222-->[:image_picker] AndroidManifest.xml:13:13-15:75
223                android:name="android.support.FILE_PROVIDER_PATHS"
223-->[:image_picker] AndroidManifest.xml:14:17-67
224                android:resource="@xml/flutter_share_file_paths" />
224-->[:image_picker] AndroidManifest.xml:15:17-72
225        </provider>
226
227        <service
227-->[:location] AndroidManifest.xml:11:9-15:56
228            android:name="com.lyokone.location.FlutterLocationService"
228-->[:location] AndroidManifest.xml:12:13-71
229            android:enabled="true"
229-->[:location] AndroidManifest.xml:13:13-35
230            android:exported="false"
230-->[:location] AndroidManifest.xml:14:13-37
231            android:foregroundServiceType="location" />
231-->[:location] AndroidManifest.xml:15:13-53
232
233        <activity
233-->[com.stripe:payments-core:16.10.0] AndroidManifest.xml:17:9-19:57
234            android:name="com.stripe.android.view.AddPaymentMethodActivity"
234-->[com.stripe:payments-core:16.10.0] AndroidManifest.xml:18:13-76
235            android:theme="@style/StripeDefaultTheme" />
235-->[com.stripe:payments-core:16.10.0] AndroidManifest.xml:19:13-54
236        <activity
236-->[com.stripe:payments-core:16.10.0] AndroidManifest.xml:20:9-22:57
237            android:name="com.stripe.android.view.PaymentMethodsActivity"
237-->[com.stripe:payments-core:16.10.0] AndroidManifest.xml:21:13-74
238            android:theme="@style/StripeDefaultTheme" />
238-->[com.stripe:payments-core:16.10.0] AndroidManifest.xml:22:13-54
239        <activity
239-->[com.stripe:payments-core:16.10.0] AndroidManifest.xml:23:9-25:57
240            android:name="com.stripe.android.view.PaymentFlowActivity"
240-->[com.stripe:payments-core:16.10.0] AndroidManifest.xml:24:13-71
241            android:theme="@style/StripeDefaultTheme" />
241-->[com.stripe:payments-core:16.10.0] AndroidManifest.xml:25:13-54
242        <activity
242-->[com.stripe:payments-core:16.10.0] AndroidManifest.xml:26:9-29:58
243            android:name="com.stripe.android.view.PaymentAuthWebViewActivity"
243-->[com.stripe:payments-core:16.10.0] AndroidManifest.xml:27:13-78
244            android:theme="@style/StripeDefaultTheme"
244-->[com.stripe:payments-core:16.10.0] AndroidManifest.xml:28:13-54
245            android:windowSoftInputMode="adjustResize" />
245-->[com.stripe:payments-core:16.10.0] AndroidManifest.xml:29:13-55
246        <activity
246-->[com.stripe:payments-core:16.10.0] AndroidManifest.xml:30:9-32:61
247            android:name="com.stripe.android.view.PaymentRelayActivity"
247-->[com.stripe:payments-core:16.10.0] AndroidManifest.xml:31:13-72
248            android:theme="@style/StripeTransparentTheme" />
248-->[com.stripe:payments-core:16.10.0] AndroidManifest.xml:32:13-58
249        <!--
250        Set android:launchMode="singleTop" so that the StripeBrowserLauncherActivity instance that
251        launched the browser Activity will also handle the return URL deep link.
252        -->
253        <activity
253-->[com.stripe:payments-core:16.10.0] AndroidManifest.xml:38:9-54:20
254            android:name="com.stripe.android.payments.StripeBrowserLauncherActivity"
254-->[com.stripe:payments-core:16.10.0] AndroidManifest.xml:39:13-85
255            android:launchMode="singleTop"
255-->[com.stripe:payments-core:16.10.0] AndroidManifest.xml:40:13-43
256            android:theme="@style/StripeTransparentTheme" >
256-->[com.stripe:payments-core:16.10.0] AndroidManifest.xml:41:13-58
257            <intent-filter>
257-->[com.stripe:payments-core:16.10.0] AndroidManifest.xml:42:13-53:29
258                <action android:name="android.intent.action.VIEW" />
258-->src\main\AndroidManifest.xml:54:17-69
258-->src\main\AndroidManifest.xml:54:25-66
259
260                <category android:name="android.intent.category.DEFAULT" />
260-->src\main\AndroidManifest.xml:55:17-76
260-->src\main\AndroidManifest.xml:55:27-73
261                <category android:name="android.intent.category.BROWSABLE" />
261-->src\main\AndroidManifest.xml:56:17-78
261-->src\main\AndroidManifest.xml:56:27-75
262
263                <!-- Must match `DefaultReturnUrl#value`. -->
264                <data
264-->src\main\AndroidManifest.xml:57:17-69
265                    android:host="payment_return_url"
266                    android:path="/com.fast.express"
267                    android:scheme="stripesdk" />
267-->src\main\AndroidManifest.xml:57:23-66
268            </intent-filter>
269        </activity>
270        <activity
270-->[com.stripe:payments-core:16.10.0] AndroidManifest.xml:55:9-57:57
271            android:name="com.stripe.android.view.Stripe3ds2CompletionActivity"
271-->[com.stripe:payments-core:16.10.0] AndroidManifest.xml:56:13-80
272            android:theme="@style/StripeDefaultTheme" />
272-->[com.stripe:payments-core:16.10.0] AndroidManifest.xml:57:13-54
273        <activity
273-->[com.stripe:payments-core:16.10.0] AndroidManifest.xml:58:9-60:69
274            android:name="com.stripe.android.paymentsheet.PaymentSheetActivity"
274-->[com.stripe:payments-core:16.10.0] AndroidManifest.xml:59:13-80
275            android:theme="@style/StripePaymentSheetDefaultTheme" />
275-->[com.stripe:payments-core:16.10.0] AndroidManifest.xml:60:13-66
276        <activity
276-->[com.stripe:payments-core:16.10.0] AndroidManifest.xml:61:9-63:69
277            android:name="com.stripe.android.paymentsheet.PaymentOptionsActivity"
277-->[com.stripe:payments-core:16.10.0] AndroidManifest.xml:62:13-82
278            android:theme="@style/StripePaymentSheetDefaultTheme" />
278-->[com.stripe:payments-core:16.10.0] AndroidManifest.xml:63:13-66
279        <activity
279-->[com.stripe:payments-core:16.10.0] AndroidManifest.xml:64:9-66:66
280            android:name="com.stripe.android.googlepay.StripeGooglePayActivity"
280-->[com.stripe:payments-core:16.10.0] AndroidManifest.xml:65:13-80
281            android:theme="@style/StripeGooglePayDefaultTheme" />
281-->[com.stripe:payments-core:16.10.0] AndroidManifest.xml:66:13-63
282        <activity
282-->[com.stripe:stripe-3ds2-android:5.3.1] AndroidManifest.xml:10:9-12:54
283            android:name="com.stripe.android.stripe3ds2.views.ChallengeActivity"
283-->[com.stripe:stripe-3ds2-android:5.3.1] AndroidManifest.xml:11:13-81
284            android:theme="@style/Stripe3DS2Theme" />
284-->[com.stripe:stripe-3ds2-android:5.3.1] AndroidManifest.xml:12:13-51
285        <activity
285-->[com.stripe:stripe-3ds2-android:5.3.1] AndroidManifest.xml:13:9-15:54
286            android:name="com.stripe.android.stripe3ds2.views.ChallengeProgressActivity"
286-->[com.stripe:stripe-3ds2-android:5.3.1] AndroidManifest.xml:14:13-89
287            android:theme="@style/Stripe3DS2Theme" />
287-->[com.stripe:stripe-3ds2-android:5.3.1] AndroidManifest.xml:15:13-51
288
289        <provider
289-->[com.google.firebase:firebase-common:20.0.0] AndroidManifest.xml:26:9-31:39
290            android:name="com.google.firebase.provider.FirebaseInitProvider"
290-->[com.google.firebase:firebase-common:20.0.0] AndroidManifest.xml:27:13-77
291            android:authorities="com.fast.express.firebaseinitprovider"
291-->[com.google.firebase:firebase-common:20.0.0] AndroidManifest.xml:28:13-72
292            android:directBootAware="true"
292-->[com.google.firebase:firebase-common:20.0.0] AndroidManifest.xml:29:13-43
293            android:exported="false"
293-->[com.google.firebase:firebase-common:20.0.0] AndroidManifest.xml:30:13-37
294            android:initOrder="100" />
294-->[com.google.firebase:firebase-common:20.0.0] AndroidManifest.xml:31:13-36
295
296        <activity
296-->[com.braintreepayments.api:drop-in:5.2.1] AndroidManifest.xml:18:9-20:64
297            android:name="com.braintreepayments.api.dropin.DropInActivity"
297-->[com.braintreepayments.api:drop-in:5.2.1] AndroidManifest.xml:19:13-75
298            android:theme="@style/bt_drop_in_activity_theme" />
298-->[com.braintreepayments.api:drop-in:5.2.1] AndroidManifest.xml:20:13-61
299        <activity
299-->[com.braintreepayments.api:drop-in:5.2.1] AndroidManifest.xml:21:9-23:65
300            android:name="com.braintreepayments.api.dropin.AddCardActivity"
300-->[com.braintreepayments.api:drop-in:5.2.1] AndroidManifest.xml:22:13-76
301            android:theme="@style/bt_add_card_activity_theme" />
301-->[com.braintreepayments.api:drop-in:5.2.1] AndroidManifest.xml:23:13-62
302        <activity
302-->[com.braintreepayments.api:drop-in:5.2.1] AndroidManifest.xml:24:9-26:70
303            android:name="com.braintreepayments.api.dropin.VaultManagerActivity"
303-->[com.braintreepayments.api:drop-in:5.2.1] AndroidManifest.xml:25:13-81
304            android:theme="@style/bt_vault_manager_activity_theme" />
304-->[com.braintreepayments.api:drop-in:5.2.1] AndroidManifest.xml:26:13-67
305        <activity android:name="com.facebook.CustomTabMainActivity" />
305-->[com.facebook.android:facebook-common:5.5.1] AndroidManifest.xml:33:9-71
305-->[com.facebook.android:facebook-common:5.5.1] AndroidManifest.xml:33:19-68
306
307        <receiver
307-->[com.google.android.gms:play-services-measurement:19.0.0] AndroidManifest.xml:29:9-33:20
308            android:name="com.google.android.gms.measurement.AppMeasurementReceiver"
308-->[com.google.android.gms:play-services-measurement:19.0.0] AndroidManifest.xml:30:13-85
309            android:enabled="true"
309-->[com.google.android.gms:play-services-measurement:19.0.0] AndroidManifest.xml:31:13-35
310            android:exported="false" >
310-->[com.google.android.gms:play-services-measurement:19.0.0] AndroidManifest.xml:32:13-37
311        </receiver>
312
313        <service
313-->[com.google.android.gms:play-services-measurement:19.0.0] AndroidManifest.xml:35:9-38:40